2025-07-12 16:14:00 | DEBUG | repo=tictactoe | action=commit
2025-04-06 11:11:00 | DEBUG | repo=tictactoe | action=commit
2025-11-17 07:44:00 | DEBUG | repo=tictactoe | action=commit
2025-02-13 17:48:00 | WARN | repo=tictactoe | action=commit
2025-11-13 08:04:00 | DEBUG | repo=tictactoe | action=commit
2025-05-24 16:17:00 | INFO | repo=tictactoe | action=commit
2025-06-17 20:54:00 | WARN | repo=tictactoe | action=commit
2025-08-06 18:03:00 | DEBUG | repo=tictactoe | action=edit | files=1
2025-12-26 12:48:00 | DEBUG | repo=tictactoe | action=commit
2025-01-20 08:14:00 | WARN | repo=tictactoe | action=commit
2025-09-08 18:08:00 | DEBUG | repo=tictactoe | action=commit
2025-10-06 09:02:00 | INFO | repo=tictactoe | action=commit
2025-07-14 11:21:00 | WARN | repo=tictactoe | action=commit
2025-08-20 08:53:00 | INFO | repo=tictactoe | action=commit
2025-08-03 19:44:00 | INFO | repo=tictactoe | action=commit
2025-12-03 18:31:00 | DEBUG | repo=tictactoe | action=edit | files=4
2025-02-17 17:22:00 | WARN | repo=tictactoe | action=commit
2025-09-20 19:57:00 | WARN | repo=tictactoe | action=commit
2025-04-10 12:17:00 | WARN | repo=tictactoe | action=commit
2025-01-11 10:38:00 | DEBUG | repo=tictactoe | action=commit
2025-09-22 19:09:00 | INFO | repo=tictactoe | action=commit
2025-05-20 16:30:00 | INFO | repo=tictactoe | action=commit
2025-02-13 12:04:00 | WARN | repo=tictactoe | action=commit
2025-09-10 11:44:00 | INFO | repo=tictactoe | action=commit
2025-12-22 09:49:00 | INFO | repo=tictactoe | action=commit
2025-08-09 16:41:00 | INFO | repo=tictactoe | action=commit
2025-01-19 18:44:00 | DEBUG | repo=tictactoe | action=commit
2025-01-10 15:31:00 | INFO | repo=tictactoe | action=commit
2025-09-07 18:44:00 | INFO | repo=tictactoe | action=commit
2025-05-24 15:46:00 | DEBUG | repo=tictactoe | action=commit
2025-03-08 14:01:00 | DEBUG | repo=tictactoe | action=commit
2025-03-05 14:28:00 | WARN | repo=tictactoe | action=commit
2025-11-27 12:09:00 | WARN | repo=tictactoe | action=commit
2025-01-23 21:30:00 | WARN | repo=tictactoe | action=commit
2025-03-03 18:49:00 | DEBUG | repo=tictactoe | action=test | passed=true
2025-09-13 14:21:00 | WARN | repo=tictactoe | action=commit
2025-02-27 19:44:00 | INFO | repo=tictactoe | action=commit
2025-12-27 14:49:00 | DEBUG | repo=tictactoe | action=commit
2025-06-09 09:03:00 | INFO | repo=tictactoe | action=commit
2025-03-26 18:06:00 | INFO | repo=tictactoe | action=pull
2025-11-07 07:32:00 | WARN | repo=tictactoe | action=commit
2025-02-03 07:02:00 | INFO | repo=tictactoe | action=commit
2025-04-02 19:35:00 | DEBUG | repo=tictactoe | action=commit
2025-09-14 08:45:00 | WARN | repo=tictactoe | action=commit
2025-09-03 11:13:00 | WARN | repo=tictactoe | action=commit
2025-05-25 18:25:00 | DEBUG | repo=tictactoe | action=test | passed=true
2025-04-13 21:55:00 | WARN | repo=tictactoe | action=commit
2025-03-23 21:34:00 | WARN | repo=tictactoe | action=commit
2025-02-04 19:19:00 | INFO | repo=tictactoe | action=commit
2025-07-03 14:20:00 | DEBUG | repo=tictactoe | action=commit
2025-04-05 18:19:00 | DEBUG | repo=tictactoe | action=commit
2025-11-12 15:21:00 | INFO | repo=tictactoe | action=commit
2025-07-05 09:07:00 | INFO | repo=tictactoe | action=pull
2025-11-24 15:19:00 | INFO | repo=tictactoe | action=commit
2025-08-16 16:18:00 | DEBUG | repo=tictactoe | action=commit
2025-10-19 18:11:00 | INFO | repo=tictactoe | action=commit
2025-05-10 20:55:00 | DEBUG | repo=tictactoe | action=commit
2025-11-20 10:31:00 | INFO | repo=tictactoe | action=commit
2025-11-10 20:00:00 | DEBUG | repo=tictactoe | action=commit
2025-07-23 11:20:00 | WARN | repo=tictactoe | action=commit
2025-01-04 19:30:00 | DEBUG | repo=tictactoe | action=commit
2025-03-08 13:34:00 | WARN | repo=tictactoe | action=commit
2025-07-23 17:57:00 | DEBUG | repo=tictactoe | action=commit
2025-03-24 10:54:00 | WARN | repo=tictactoe | action=commit
2025-10-02 18:26:00 | INFO | repo=tictactoe | action=commit
2025-05-27 07:22:00 | DEBUG | repo=tictactoe | action=commit
2025-11-07 21:28:00 | INFO | repo=tictactoe | action=commit
2025-03-25 07:22:00 | WARN | repo=tictactoe | action=commit
2025-01-19 17:03:00 | DEBUG | repo=tictactoe | action=commit
2025-01-07 17:05:00 | WARN | repo=tictactoe | action=commit
2025-12-14 18:53:00 | WARN | repo=tictactoe | action=test | passed=true
2025-04-07 13:27:00 | INFO | repo=tictactoe | action=commit
2025-09-03 12:33:00 | WARN | repo=tictactoe | action=commit
2025-02-05 13:10:00 | WARN | repo=tictactoe | action=edit | files=5
2025-01-11 17:44:00 | WARN | repo=tictactoe | action=commit
2025-04-10 12:58:00 | WARN | repo=tictactoe | action=commit
2025-02-22 09:43:00 | INFO | repo=tictactoe | action=commit
2025-05-25 21:24:00 | INFO | repo=tictactoe | action=commit
2025-05-23 07:36:00 | DEBUG | repo=tictactoe | action=commit
2025-11-08 16:04:00 | WARN | repo=tictactoe | action=commit
2025-03-14 19:39:00 | WARN | repo=tictactoe | action=pull
2025-06-14 18:00:00 | WARN | repo=tictactoe | action=commit
2025-03-08 21:23:00 | INFO | repo=tictactoe | action=commit
2025-11-10 08:33:00 | DEBUG | repo=tictactoe | action=commit
2025-07-08 21:34:00 | WARN | repo=tictactoe | action=commit
2025-09-21 07:16:00 | WARN | repo=tictactoe | action=test | passed=true
2025-08-23 12:06:00 | WARN | repo=tictactoe | action=commit
2025-04-25 07:39:00 | INFO | repo=tictactoe | action=commit
2025-05-08 16:24:00 | WARN | repo=tictactoe | action=commit
2025-02-04 15:05:00 | WARN | repo=tictactoe | action=edit | files=4
2025-01-06 08:51:00 | INFO | repo=tictactoe | action=commit
2025-02-28 10:44:00 | INFO | repo=tictactoe | action=commit
2025-05-05 07:02:00 | WARN | repo=tictactoe | action=commit
2025-07-13 07:02:00 | INFO | repo=tictactoe | action=edit | files=3
2025-08-04 08:43:00 | WARN | repo=tictactoe | action=test | passed=true
2025-11-16 10:40:00 | INFO | repo=tictactoe | action=commit
2025-02-13 13:36:00 | INFO | repo=tictactoe | action=commit
2025-04-09 19:22:00 | WARN | repo=tictactoe | action=commit
2025-09-22 11:33:00 | INFO | repo=tictactoe | action=test | passed=true
2025-10-02 15:02:00 | INFO | repo=tictactoe | action=commit
2025-06-10 19:25:00 | INFO | repo=tictactoe | action=pull
2025-03-18 21:32:00 | INFO | repo=tictactoe | action=commit
2025-03-26 10:11:00 | INFO | repo=tictactoe | action=commit
2025-10-10 17:56:00 | INFO | repo=tictactoe | action=commit
